INFO [2016-09-29 00:31:14] [[1]]
INFO [2016-09-29 00:31:14] list(A = A, B = B)
INFO [2016-09-29 00:31:14] 
INFO [2016-09-29 00:31:14] $filename
INFO [2016-09-29 00:31:14] NULL
INFO [2016-09-29 00:31:14] 
INFO [2016-09-29 00:31:14] $lwd
INFO [2016-09-29 00:31:14] [1] 1
INFO [2016-09-29 00:31:14] 
INFO [2016-09-29 00:31:14] $lty
INFO [2016-09-29 00:31:14] [1] 1
INFO [2016-09-29 00:31:14] 
INFO [2016-09-29 00:31:14] $col
INFO [2016-09-29 00:31:14] c("red", "green")
INFO [2016-09-29 00:31:14] 
INFO [2016-09-29 00:31:14] $fill
INFO [2016-09-29 00:31:14] c("red", "green")
INFO [2016-09-29 00:31:14] 
INFO [2016-09-29 00:31:14] $cat.col
INFO [2016-09-29 00:31:14] c("red", "green")
INFO [2016-09-29 00:31:14] 
INFO [2016-09-29 00:31:14] $rotation.degree
INFO [2016-09-29 00:31:14] [1] 180
INFO [2016-09-29 00:31:14] 
