INFO [2016-09-29 00:26:00] [[1]]
INFO [2016-09-29 00:26:00] list(A = A, B = B)
INFO [2016-09-29 00:26:00] 
INFO [2016-09-29 00:26:00] $filename
INFO [2016-09-29 00:26:00] NULL
INFO [2016-09-29 00:26:00] 
INFO [2016-09-29 00:26:00] $lwd
INFO [2016-09-29 00:26:00] [1] 1
INFO [2016-09-29 00:26:00] 
INFO [2016-09-29 00:26:00] $lty
INFO [2016-09-29 00:26:00] [1] 2
INFO [2016-09-29 00:26:00] 
INFO [2016-09-29 00:26:00] $col
INFO [2016-09-29 00:26:00] c("red", "green")
INFO [2016-09-29 00:26:00] 
INFO [2016-09-29 00:26:00] $fill
INFO [2016-09-29 00:26:00] c("red", "green")
INFO [2016-09-29 00:26:00] 
INFO [2016-09-29 00:26:00] $cat.col
INFO [2016-09-29 00:26:00] c("red", "green")
INFO [2016-09-29 00:26:00] 
INFO [2016-09-29 00:26:00] $rotation.degree
INFO [2016-09-29 00:26:00] [1] 90
INFO [2016-09-29 00:26:00] 
