INFO [2016-09-29 00:26:26] [[1]]
INFO [2016-09-29 00:26:26] list(A = A, B = B)
INFO [2016-09-29 00:26:26] 
INFO [2016-09-29 00:26:26] $filename
INFO [2016-09-29 00:26:26] NULL
INFO [2016-09-29 00:26:26] 
INFO [2016-09-29 00:26:26] $lwd
INFO [2016-09-29 00:26:26] [1] 1
INFO [2016-09-29 00:26:26] 
INFO [2016-09-29 00:26:26] $lty
INFO [2016-09-29 00:26:26] [1] 2
INFO [2016-09-29 00:26:26] 
INFO [2016-09-29 00:26:26] $col
INFO [2016-09-29 00:26:26] c("red", "green")
INFO [2016-09-29 00:26:26] 
INFO [2016-09-29 00:26:26] $fill
INFO [2016-09-29 00:26:26] c("red", "green")
INFO [2016-09-29 00:26:26] 
INFO [2016-09-29 00:26:26] $cat.col
INFO [2016-09-29 00:26:26] c("red", "green")
INFO [2016-09-29 00:26:26] 
INFO [2016-09-29 00:26:26] $rotation.degree
INFO [2016-09-29 00:26:26] [1] 90
INFO [2016-09-29 00:26:26] 
