INFO [2016-09-29 00:30:49] [[1]]
INFO [2016-09-29 00:30:49] list(A = A, B = B)
INFO [2016-09-29 00:30:49] 
INFO [2016-09-29 00:30:49] $filename
INFO [2016-09-29 00:30:49] NULL
INFO [2016-09-29 00:30:49] 
INFO [2016-09-29 00:30:49] $lwd
INFO [2016-09-29 00:30:49] [1] 1
INFO [2016-09-29 00:30:49] 
INFO [2016-09-29 00:30:49] $lty
INFO [2016-09-29 00:30:49] [1] 2
INFO [2016-09-29 00:30:49] 
INFO [2016-09-29 00:30:49] $col
INFO [2016-09-29 00:30:49] c("red", "green")
INFO [2016-09-29 00:30:49] 
INFO [2016-09-29 00:30:49] $fill
INFO [2016-09-29 00:30:49] c("red", "green")
INFO [2016-09-29 00:30:49] 
INFO [2016-09-29 00:30:49] $cat.col
INFO [2016-09-29 00:30:49] c("red", "green")
INFO [2016-09-29 00:30:49] 
INFO [2016-09-29 00:30:49] $rotation.degree
INFO [2016-09-29 00:30:49] [1] 180
INFO [2016-09-29 00:30:49] 
