INFO [2016-09-29 00:30:35] [[1]]
INFO [2016-09-29 00:30:35] list(A = A, B = B)
INFO [2016-09-29 00:30:35] 
INFO [2016-09-29 00:30:35] $filename
INFO [2016-09-29 00:30:35] NULL
INFO [2016-09-29 00:30:35] 
INFO [2016-09-29 00:30:35] $lwd
INFO [2016-09-29 00:30:35] [1] 1
INFO [2016-09-29 00:30:35] 
INFO [2016-09-29 00:30:35] $lty
INFO [2016-09-29 00:30:35] [1] 2
INFO [2016-09-29 00:30:35] 
INFO [2016-09-29 00:30:35] $col
INFO [2016-09-29 00:30:35] c("red", "green")
INFO [2016-09-29 00:30:35] 
INFO [2016-09-29 00:30:35] $fill
INFO [2016-09-29 00:30:35] c("red", "green")
INFO [2016-09-29 00:30:35] 
INFO [2016-09-29 00:30:35] $cat.col
INFO [2016-09-29 00:30:35] c("red", "green")
INFO [2016-09-29 00:30:35] 
INFO [2016-09-29 00:30:35] $rotation.degree
INFO [2016-09-29 00:30:35] [1] 180
INFO [2016-09-29 00:30:35] 
